<?xml version="1.0" encoding="UTF-8"?>
<testng-results ignored="0" total="2" passed="2" failed="0" skipped="0">
  <reporter-output>
  </reporter-output>
  <suite started-at="2023-04-27T10:41:33 IST" name="Surefire suite" finished-at="2023-04-27T10:44:13 IST" duration-ms="159727">
    <groups>
    </groups>
    <test started-at="2023-04-27T10:41:33 IST" name="Surefire test" finished-at="2023-04-27T10:44:13 IST" duration-ms="159727">
      <class name="com.ab.testLayer.AddtoCartFunctionaltyTest">
        <test-method is-config="true" signature="launchApplication()[pri:0, instance:com.ab.testLayer.AddtoCartFunctionaltyTest@1a0dcaa]" started-at="2023-04-27T10:41:33 IST" name="launchApplication" finished-at="2023-04-27T10:42:05 IST" duration-ms="32403" status="PASS">
          <reporter-output>
          </reporter-output>
        </test-method> <!-- launchApplication -->
        <test-method signature="addToCartTest()[pri:0, instance:com.ab.testLayer.AddtoCartFunctionaltyTest@1a0dcaa]" started-at="2023-04-27T10:42:05 IST" name="addToCartTest" finished-at="2023-04-27T10:42:30 IST" duration-ms="24149" status="PASS">
          <reporter-output>
          </reporter-output>
        </test-method> <!-- addToCartTest -->
      </class> <!-- com.ab.testLayer.AddtoCartFunctionaltyTest -->
      <class name="com.ab.testLayer.BrokenLinkTest">
        <test-method is-config="true" signature="launchApplication()[pri:0, instance:com.ab.testLayer.BrokenLinkTest@233fe9b6]" started-at="2023-04-27T10:42:30 IST" name="launchApplication" finished-at="2023-04-27T10:43:10 IST" duration-ms="40393" status="PASS">
          <reporter-output>
          </reporter-output>
        </test-method> <!-- launchApplication -->
        <test-method signature="checkAllFooterLinks()[pri:0, instance:com.ab.testLayer.BrokenLinkTest@233fe9b6]" started-at="2023-04-27T10:43:10 IST" name="checkAllFooterLinks" finished-at="2023-04-27T10:44:13 IST" duration-ms="62688" status="PASS">
          <reporter-output>
          </reporter-output>
        </test-method> <!-- checkAllFooterLinks -->
      </class> <!-- com.ab.testLayer.BrokenLinkTest -->
    </test> <!-- Surefire test -->
  </suite> <!-- Surefire suite -->
</testng-results>
