<?xml version="1.0" encoding="UTF-8"?>
<testng-results ignored="0" total="1" passed="1" failed="0" skipped="0">
  <reporter-output>
  </reporter-output>
  <suite started-at="2023-04-27T11:20:20 IST" name="Default suite" finished-at="2023-04-27T11:20:47 IST" duration-ms="26425">
    <groups>
    </groups>
    <test started-at="2023-04-27T11:20:20 IST" name="Default test" finished-at="2023-04-27T11:20:47 IST" duration-ms="26425">
      <class name="com.ab.testLayer.AddtoCartFunctionaltyTest">
        <test-method is-config="true" signature="launchApplication()[pri:0, instance:com.ab.testLayer.AddtoCartFunctionaltyTest@223191a6]" started-at="2023-04-27T11:20:20 IST" name="launchApplication" finished-at="2023-04-27T11:20:33 IST" duration-ms="12049" status="PASS">
          <reporter-output>
          </reporter-output>
        </test-method> <!-- launchApplication -->
        <test-method signature="addToCartTest()[pri:0, instance:com.ab.testLayer.AddtoCartFunctionaltyTest@223191a6]" started-at="2023-04-27T11:20:33 IST" name="addToCartTest" finished-at="2023-04-27T11:20:46 IST" duration-ms="13220" status="PASS">
          <reporter-output>
          </reporter-output>
        </test-method> <!-- addToCartTest -->
        <test-method is-config="true" signature="tearDown()[pri:0, instance:com.ab.testLayer.AddtoCartFunctionaltyTest@223191a6]" started-at="2023-04-27T11:20:46 IST" name="tearDown" finished-at="2023-04-27T11:20:47 IST" duration-ms="1036" status="PASS">
          <reporter-output>
          </reporter-output>
        </test-method> <!-- tearDown -->
      </class> <!-- com.ab.testLayer.AddtoCartFunctionaltyTest -->
    </test> <!-- Default test -->
  </suite> <!-- Default suite -->
</testng-results>
