<?xml version="1.0" encoding="UTF-8"?>
<testng-results ignored="0" total="1" passed="1" failed="0" skipped="0">
  <reporter-output>
  </reporter-output>
  <suite started-at="2023-04-27T10:28:48 IST" name="Default suite" finished-at="2023-04-27T10:30:56 IST" duration-ms="128006">
    <groups>
    </groups>
    <test started-at="2023-04-27T10:28:48 IST" name="Default test" finished-at="2023-04-27T10:30:56 IST" duration-ms="128006">
      <class name="com.ab.testLayer.AddtoCartFunctionaltyTest">
        <test-method is-config="true" signature="launchApplication()[pri:0, instance:com.ab.testLayer.AddtoCartFunctionaltyTest@6adbc9d]" started-at="2023-04-27T10:28:48 IST" name="launchApplication" finished-at="2023-04-27T10:30:33 IST" duration-ms="105204" status="PASS">
          <reporter-output>
          </reporter-output>
        </test-method> <!-- launchApplication -->
        <test-method signature="addToCartTest()[pri:0, instance:com.ab.testLayer.AddtoCartFunctionaltyTest@6adbc9d]" started-at="2023-04-27T10:30:33 IST" name="addToCartTest" finished-at="2023-04-27T10:30:55 IST" duration-ms="22653" status="PASS">
          <reporter-output>
          </reporter-output>
        </test-method> <!-- addToCartTest -->
      </class> <!-- com.ab.testLayer.AddtoCartFunctionaltyTest -->
    </test> <!-- Default test -->
  </suite> <!-- Default suite -->
</testng-results>
